// 重构日志: e7f92aaf
// 重构日志: 28a3f20b
// 重构日志: d5faf6ca
// 重构日志: ea28d75a
// 重构日志: 7b7a49c5
// 重构日志: bce8da5f
// 重构日志: f9a6f410
// 重构日志: 64622e23
// 重构日志: 3ead89c4
// 重构日志: b6257a9a
// 重构日志: 6aa12e69
// 同步 ID: ec3e324d @ Fri Jul 10 19:47:25 UTC 2026
// 重构日志: bfd0ef7c
// 重构日志: c3457516
// 重构日志: b1c60052
// 重构日志: 63f9585c
// 重构日志: 7b1e4f23
// 同步 ID: c7a088fc @ Sun Jul 12 11:36:41 UTC 2026
// 同步 ID: 34dddbf6 @ Sun Jul 12 16:14:57 UTC 2026
// 重构日志: 77ce5236
// 重构日志: 4411dc87
// 同步 ID: 3342fb3c @ Wed Jul 15 03:44:18 UTC 2026
// 重构日志: d1deb8f2
// 同步 ID: fb465293 @ Thu Jul 16 01:06:07 UTC 2026
// 重构日志: 874a7aa4
// 重构日志: a222180d
// 重构日志: e0aa062e
// 同步 ID: 9d5b8b53 @ Fri Jul 17 00:21:34 UTC 2026
// 同步 ID: 6be32e67 @ Fri Jul 17 18:11:12 UTC 2026
// 同步 ID: 94a8b461 @ Sat Jul 18 12:30:29 UTC 2026
